  Rapid.cpp
E:\3rd sem project\typing_tutor-master\project1\Rapid.cpp(57,44): warning C4244: 'argument': conversion from 'int' to 'T', possible loss of data
          with
          [
              T=float
          ]
E:\3rd sem project\typing_tutor-master\project1\Rapid.cpp(57,35): warning C4244: 'argument': conversion from 'int' to 'T', possible loss of data
          with
          [
              T=float
          ]
E:\3rd sem project\typing_tutor-master\project1\Rapid.cpp(59,48): warning C4244: 'argument': conversion from 'int' to 'float', possible loss of data
E:\3rd sem project\typing_tutor-master\project1\Rapid.cpp(59,43): warning C4244: 'argument': conversion from 'int' to 'float', possible loss of data
E:\3rd sem project\typing_tutor-master\project1\Rapid.cpp(62,44): warning C4244: 'argument': conversion from 'int' to 'T', possible loss of data
          with
          [
              T=float
          ]
E:\3rd sem project\typing_tutor-master\project1\Rapid.cpp(62,35): warning C4244: 'argument': conversion from 'int' to 'T', possible loss of data
          with
          [
              T=float
          ]
E:\3rd sem project\typing_tutor-master\project1\Rapid.cpp(64,43): warning C4244: 'argument': conversion from 'int' to 'float', possible loss of data
E:\3rd sem project\typing_tutor-master\project1\Rapid.cpp(67,44): warning C4244: 'argument': conversion from 'int' to 'T', possible loss of data
          with
          [
              T=float
          ]
E:\3rd sem project\typing_tutor-master\project1\Rapid.cpp(67,35): warning C4244: 'argument': conversion from 'int' to 'T', possible loss of data
          with
          [
              T=float
          ]
E:\3rd sem project\typing_tutor-master\project1\Rapid.cpp(69,43): warning C4244: 'argument': conversion from 'int' to 'float', possible loss of data
E:\3rd sem project\typing_tutor-master\project1\Rapid.cpp(234,12): warning C4244: 'argument': conversion from 'time_t' to 'unsigned int', possible loss of data
E:\3rd sem project\typing_tutor-master\project1\Rapid.cpp(257,46): warning C4244: '=': conversion from 'float' to 'int', possible loss of data
  Generating code
  1 of 423 functions ( 0.2%) were compiled, the rest were copied from previous compilation.
    0 functions were new in current compilation
    7 functions had inline decision re-evaluated but remain unchanged
  Finished generating code
  project1.vcxproj -> E:\3rd sem project\typing_tutor-master\x64\Release\project1.exe
